<?xml version="1.0" encoding="UTF-8"?>
<testsuite xmlns:xsi="http://www.w3.org/2001/XMLSchema-instance" xsi:noNamespaceSchemaLocation="https://maven.apache.org/surefire/maven-surefire-plugin/xsd/surefire-test-report-3.0.xsd" version="3.0" name="com.favcode.favschool.FavschoolApplicationTests" time="4.936" tests="1" errors="0" skipped="0" failures="0">
  <properties>
[...]
</properties>
  <testcase name="contextLoads" classname="com.favcode.favschool.FavschoolApplicationTests" time="0.311">
    <system-out><![CDATA[09:30:50,972 |-INFO in ch.qos.logback.classic.LoggerContext[default] - This is logback-classic version 1.4.14
09:30:50,974 |-INFO in ch.qos.logback.classic.util.ContextInitializer@560348e6 - Here is a list of configurators discovered as a service, by rank: 
09:30:50,974 |-INFO in ch.qos.logback.classic.util.ContextInitializer@560348e6 -   org.springframework.boot.logging.logback.RootLogLevelConfigurator
09:30:50,974 |-INFO in ch.qos.logback.classic.util.ContextInitializer@560348e6 - They will be invoked in order until ExecutionStatus.DO_NOT_INVOKE_NEXT_IF_ANY is returned.
09:30:50,974 |-INFO in ch.qos.logback.classic.util.ContextInitializer@560348e6 - Constructed configurator of type class org.springframework.boot.logging.logback.RootLogLevelConfigurator
09:30:50,977 |-INFO in ch.qos.logback.classic.util.ContextInitializer@560348e6 - org.springframework.boot.logging.logback.RootLogLevelConfigurator.configure() call lasted 0 milliseconds. ExecutionStatus=INVOKE_NEXT_IF_ANY
09:30:50,977 |-INFO in ch.qos.logback.classic.util.ContextInitializer@560348e6 - Trying to configure with ch.qos.logback.classic.joran.SerializedModelConfigurator
09:30:50,978 |-INFO in ch.qos.logback.classic.util.ContextInitializer@560348e6 - Constructed configurator of type class ch.qos.logback.classic.joran.SerializedModelConfigurator
09:30:50,979 |-INFO in ch.qos.logback.classic.LoggerContext[default] - Could NOT find resource [logback-test.scmo]
09:30:50,979 |-INFO in ch.qos.logback.classic.LoggerContext[default] - Could NOT find resource [logback.scmo]
09:30:50,979 |-INFO in ch.qos.logback.classic.util.ContextInitializer@560348e6 - ch.qos.logback.classic.joran.SerializedModelConfigurator.configure() call lasted 1 milliseconds. ExecutionStatus=INVOKE_NEXT_IF_ANY
09:30:50,979 |-INFO in ch.qos.logback.classic.util.ContextInitializer@560348e6 - Trying to configure with ch.qos.logback.classic.util.DefaultJoranConfigurator
09:30:50,979 |-INFO in ch.qos.logback.classic.util.ContextInitializer@560348e6 - Constructed configurator of type class ch.qos.logback.classic.util.DefaultJoranConfigurator
09:30:50,980 |-INFO in ch.qos.logback.classic.LoggerContext[default] - Could NOT find resource [logback-test.xml]
09:30:50,980 |-INFO in ch.qos.logback.classic.LoggerContext[default] - Found resource [logback.xml] at [file:/Users/DELL/IdeaProjects/favschool/ted/target/classes/logback.xml]
09:30:51,030 |-INFO in ch.qos.logback.core.model.processor.AppenderModelHandler - Processing appender named [Console]
09:30:51,030 |-INFO in ch.qos.logback.core.model.processor.AppenderModelHandler - About to instantiate appender of type [ch.qos.logback.core.ConsoleAppender]
09:30:51,045 |-WARN in ch.qos.logback.core.ConsoleAppender[Console] - This appender no longer admits a layout as a sub-component, set an encoder instead.
09:30:51,045 |-WARN in ch.qos.logback.core.ConsoleAppender[Console] - To ensure compatibility, wrapping your layout in LayoutWrappingEncoder.
09:30:51,045 |-WARN in ch.qos.logback.core.ConsoleAppender[Console] - See also http://logback.qos.ch/codes.html#layoutInsteadOfEncoder for details
09:30:51,045 |-INFO in ch.qos.logback.core.model.processor.AppenderModelHandler - Processing appender named [RollingFile]
09:30:51,045 |-INFO in ch.qos.logback.core.model.processor.AppenderModelHandler - About to instantiate appender of type [ch.qos.logback.core.rolling.RollingFileAppender]
09:30:51,050 |-INFO in c.q.l.core.rolling.TimeBasedRollingPolicy@502838712 - No compression will be used
09:30:51,051 |-INFO in c.q.l.core.rolling.TimeBasedRollingPolicy@502838712 - Will use the pattern /Users/DELL/Documents/Java for Beginners/Logs/archived/spring-boot-logger-%d{yyyy-MM-dd}.%i.log for the active file
09:30:51,062 |-INFO in ch.qos.logback.core.rolling.SizeAndTimeBasedFNATP@23202fce - The date pattern is 'yyyy-MM-dd' from file name pattern '/Users/DELL/Documents/Java for Beginners/Logs/archived/spring-boot-logger-%d{yyyy-MM-dd}.%i.log'.
09:30:51,062 |-INFO in ch.qos.logback.core.rolling.SizeAndTimeBasedFNATP@23202fce - Roll-over at midnight.
09:30:51,066 |-INFO in ch.qos.logback.core.rolling.SizeAndTimeBasedFNATP@23202fce - Setting initial period to 2024-08-02T14:30:50.983Z
09:30:51,066 |-WARN in ch.qos.logback.core.rolling.SizeAndTimeBasedFNATP@23202fce - SizeAndTimeBasedFNATP is deprecated. Use SizeAndTimeBasedRollingPolicy instead
09:30:51,066 |-WARN in ch.qos.logback.core.rolling.SizeAndTimeBasedFNATP@23202fce - For more information see http://logback.qos.ch/manual/appenders.html#SizeAndTimeBasedRollingPolicy
09:30:51,069 |-INFO in ch.qos.logback.core.rolling.RollingFileAppender[RollingFile] - Active log file name: /Users/DELL/Documents/Java for Beginners/Logs/spring-boot-logger.log
09:30:51,069 |-INFO in ch.qos.logback.core.rolling.RollingFileAppender[RollingFile] - File property is set to [/Users/DELL/Documents/Java for Beginners/Logs/spring-boot-logger.log]
09:30:51,069 |-INFO in ch.qos.logback.classic.model.processor.RootLoggerModelHandler - Setting level of ROOT logger to INFO
09:30:51,069 |-INFO in ch.qos.logback.core.model.processor.AppenderRefModelHandler - Attaching appender named [RollingFile] to Logger[ROOT]
09:30:51,069 |-INFO in ch.qos.logback.core.model.processor.AppenderRefModelHandler - Attaching appender named [Console] to Logger[ROOT]
09:30:51,069 |-INFO in ch.qos.logback.classic.model.processor.LoggerModelHandler - Setting level of logger [com.favcode.favschool] to ERROR
09:30:51,070 |-INFO in ch.qos.logback.classic.model.processor.LoggerModelHandler - Setting additivity of logger [com.favcode.favschool] to false
09:30:51,070 |-INFO in ch.qos.logback.core.model.processor.AppenderRefModelHandler - Attaching appender named [RollingFile] to Logger[com.favcode.favschool]
09:30:51,070 |-INFO in ch.qos.logback.core.model.processor.AppenderRefModelHandler - Attaching appender named [Console] to Logger[com.favcode.favschool]
09:30:51,070 |-INFO in ch.qos.logback.core.model.processor.DefaultProcessor@7b993c65 - End of configuration.
09:30:51,070 |-INFO in ch.qos.logback.classic.joran.JoranConfigurator@37911f88 - Registering current configuration as safe fallback point
09:30:51,071 |-INFO in ch.qos.logback.classic.util.ContextInitializer@560348e6 - ch.qos.logback.classic.util.DefaultJoranConfigurator.configure() call lasted 91 milliseconds. ExecutionStatus=DO_NOT_INVOKE_NEXT_IF_ANY

&amp#27;[30m2024-08-02 09:30:51,108&amp#27;[0;39m &amp#27;[34mINFO &amp#27;[0;39m [&amp#27;[34mmain&amp#27;[0;39m] &amp#27;[33mo.s.t.c.s.AnnotationConfigContextLoaderUtils&amp#27;[0;39m: Could not detect default configuration classes for test class [com.favcode.favschool.FavschoolApplicationTests]: FavschoolApplicationTests does not declare any static, non-private, non-final, nested classes annotated with @Configuration.
&amp#27;[30m2024-08-02 09:30:51,176&amp#27;[0;39m &amp#27;[34mINFO &amp#27;[0;39m [&amp#27;[34mmain&amp#27;[0;39m] &amp#27;[33mo.s.b.t.c.SpringBootTestContextBootstrapper&amp#27;[0;39m: Found @SpringBootConfiguration com.favcode.favschool.FavschoolApplication for test class com.favcode.favschool.FavschoolApplicationTests
&amp#27;[30m2024-08-02 09:30:51,270&amp#27;[0;39m &amp#27;[34mINFO &amp#27;[0;39m [&amp#27;[34mmain&amp#27;[0;39m] &amp#27;[33mo.s.b.d.r.RestartApplicationListener&amp#27;[0;39m: Restart disabled due to context in which it is running
09:30:51,339 |-INFO in ch.qos.logback.core.model.processor.AppenderModelHandler - Processing appender named [Console]
09:30:51,339 |-INFO in ch.qos.logback.core.model.processor.AppenderModelHandler - About to instantiate appender of type [ch.qos.logback.core.ConsoleAppender]
09:30:51,340 |-WARN in ch.qos.logback.core.ConsoleAppender[Console] - This appender no longer admits a layout as a sub-component, set an encoder instead.
09:30:51,340 |-WARN in ch.qos.logback.core.ConsoleAppender[Console] - To ensure compatibility, wrapping your layout in LayoutWrappingEncoder.
09:30:51,340 |-WARN in ch.qos.logback.core.ConsoleAppender[Console] - See also http://logback.qos.ch/codes.html#layoutInsteadOfEncoder for details
09:30:51,340 |-INFO in ch.qos.logback.core.model.processor.AppenderModelHandler - Processing appender named [RollingFile]
09:30:51,340 |-INFO in ch.qos.logback.core.model.processor.AppenderModelHandler - About to instantiate appender of type [ch.qos.logback.core.rolling.RollingFileAppender]
09:30:51,340 |-INFO in c.q.l.core.rolling.TimeBasedRollingPolicy@533956291 - No compression will be used
09:30:51,340 |-INFO in c.q.l.core.rolling.TimeBasedRollingPolicy@533956291 - Will use the pattern /Users/DELL/Documents/Java for Beginners/Logs/archived/spring-boot-logger-%d{yyyy-MM-dd}.%i.log for the active file
09:30:51,340 |-INFO in ch.qos.logback.core.rolling.SizeAndTimeBasedFNATP@edf4f36 - The date pattern is 'yyyy-MM-dd' from file name pattern '/Users/DELL/Documents/Java for Beginners/Logs/archived/spring-boot-logger-%d{yyyy-MM-dd}.%i.log'.
09:30:51,340 |-INFO in ch.qos.logback.core.rolling.SizeAndTimeBasedFNATP@edf4f36 - Roll-over at midnight.
09:30:51,341 |-INFO in ch.qos.logback.core.rolling.SizeAndTimeBasedFNATP@edf4f36 - Setting initial period to 2024-08-02T14:30:51.270Z
09:30:51,341 |-WARN in ch.qos.logback.core.rolling.SizeAndTimeBasedFNATP@edf4f36 - SizeAndTimeBasedFNATP is deprecated. Use SizeAndTimeBasedRollingPolicy instead
09:30:51,341 |-WARN in ch.qos.logback.core.rolling.SizeAndTimeBasedFNATP@edf4f36 - For more information see http://logback.qos.ch/manual/appenders.html#SizeAndTimeBasedRollingPolicy
09:30:51,341 |-INFO in ch.qos.logback.core.rolling.RollingFileAppender[RollingFile] - Active log file name: /Users/DELL/Documents/Java for Beginners/Logs/spring-boot-logger.log
09:30:51,341 |-INFO in ch.qos.logback.core.rolling.RollingFileAppender[RollingFile] - File property is set to [/Users/DELL/Documents/Java for Beginners/Logs/spring-boot-logger.log]
09:30:51,341 |-INFO in ch.qos.logback.classic.model.processor.RootLoggerModelHandler - Setting level of ROOT logger to INFO
09:30:51,341 |-INFO in ch.qos.logback.classic.jul.LevelChangePropagator@29d334c - Propagating INFO level on Logger[ROOT] onto the JUL framework
09:30:51,342 |-INFO in ch.qos.logback.core.model.processor.AppenderRefModelHandler - Attaching appender named [RollingFile] to Logger[ROOT]
09:30:51,342 |-INFO in ch.qos.logback.core.model.processor.AppenderRefModelHandler - Attaching appender named [Console] to Logger[ROOT]
09:30:51,342 |-INFO in ch.qos.logback.classic.model.processor.LoggerModelHandler - Setting level of logger [com.favcode.favschool] to ERROR
09:30:51,342 |-INFO in ch.qos.logback.classic.jul.LevelChangePropagator@29d334c - Propagating ERROR level on Logger[com.favcode.favschool] onto the JUL framework
09:30:51,342 |-INFO in ch.qos.logback.classic.model.processor.LoggerModelHandler - Setting additivity of logger [com.favcode.favschool] to false
09:30:51,342 |-INFO in ch.qos.logback.core.model.processor.AppenderRefModelHandler - Attaching appender named [RollingFile] to Logger[com.favcode.favschool]
09:30:51,342 |-INFO in ch.qos.logback.core.model.processor.AppenderRefModelHandler - Attaching appender named [Console] to Logger[com.favcode.favschool]
09:30:51,342 |-INFO in ch.qos.logback.core.model.processor.DefaultProcessor@100f9bbe - End of configuration.
09:30:51,342 |-INFO in org.springframework.boot.logging.logback.SpringBootJoranConfigurator@13e9f2e2 - Registering current configuration as safe fallback point


  .   ____          _            __ _ _
 /\\ / ___'_ __ _ _(_)_ __  __ _ \ \ \ \
( ( )\___ | '_ | '_| | '_ \/ _` | \ \ \ \
 \\/  ___)| |_)| | | | | || (_| |  ) ) ) )
  '  |____| .__|_| |_|_| |_\__, | / / / /
 =========|_|==============|___/=/_/_/_/
&amp#27;[32m :: Spring Boot :: &amp#27;[39m              &amp#27;[2m (v3.2.3)&amp#27;[0;39m

&amp#27;[30m2024-08-02 09:30:51,379&amp#27;[0;39m &amp#27;[34mINFO &amp#27;[0;39m [&amp#27;[34mbackground-preinit&amp#27;[0;39m] &amp#27;[33mo.h.v.i.u.Version&amp#27;[0;39m: HV000001: Hibernate Validator 8.0.1.Final
&amp#27;[30m2024-08-02 09:30:51,867&amp#27;[0;39m &amp#27;[34mINFO &amp#27;[0;39m [&amp#27;[34mmain&amp#27;[0;39m] &amp#27;[33mo.s.d.r.c.RepositoryConfigurationDelegate&amp#27;[0;39m: Bootstrapping Spring Data JPA repositories in DEFAULT mode.
&amp#27;[30m2024-08-02 09:30:51,901&amp#27;[0;39m &amp#27;[34mINFO &amp#27;[0;39m [&amp#27;[34mmain&amp#27;[0;39m] &amp#27;[33mo.s.d.r.c.RepositoryConfigurationDelegate&amp#27;[0;39m: Finished Spring Data repository scanning in 27 ms. Found 7 JPA repository interfaces.
&amp#27;[30m2024-08-02 09:30:52,500&amp#27;[0;39m &amp#27;[34mINFO &amp#27;[0;39m [&amp#27;[34mmain&amp#27;[0;39m] &amp#27;[33mc.z.h.HikariDataSource&amp#27;[0;39m: HikariPool-1 - Starting...
&amp#27;[30m2024-08-02 09:30:52,977&amp#27;[0;39m &amp#27;[34mINFO &amp#27;[0;39m [&amp#27;[34mmain&amp#27;[0;39m] &amp#27;[33mc.z.h.p.HikariPool&amp#27;[0;39m: HikariPool-1 - Added connection com.mysql.cj.jdbc.ConnectionImpl@1b444b5
&amp#27;[30m2024-08-02 09:30:52,979&amp#27;[0;39m &amp#27;[34mINFO &amp#27;[0;39m [&amp#27;[34mmain&amp#27;[0;39m] &amp#27;[33mc.z.h.HikariDataSource&amp#27;[0;39m: HikariPool-1 - Start completed.
&amp#27;[30m2024-08-02 09:30:53,008&amp#27;[0;39m &amp#27;[34mINFO &amp#27;[0;39m [&amp#27;[34mmain&amp#27;[0;39m] &amp#27;[33mo.h.j.i.u.LogHelper&amp#27;[0;39m: HHH000204: Processing PersistenceUnitInfo [name: default]
&amp#27;[30m2024-08-02 09:30:53,039&amp#27;[0;39m &amp#27;[34mINFO &amp#27;[0;39m [&amp#27;[34mmain&amp#27;[0;39m] &amp#27;[33mo.h.Version&amp#27;[0;39m: HHH000412: Hibernate ORM core version 6.4.4.Final
&amp#27;[30m2024-08-02 09:30:53,043&amp#27;[0;39m &amp#27;[31mWARN &amp#27;[0;39m [&amp#27;[34mmain&amp#27;[0;39m] &amp#27;[33mo.h.j.b.i.EntityManagerFactoryBuilderImpl&amp#27;[0;39m: HHH90000021: Encountered deprecated setting [javax.persistence.validation.mode], use [jakarta.persistence.validation.mode] instead
&amp#27;[30m2024-08-02 09:30:53,063&amp#27;[0;39m &amp#27;[34mINFO &amp#27;[0;39m [&amp#27;[34mmain&amp#27;[0;39m] &amp#27;[33mo.h.c.i.RegionFactoryInitiator&amp#27;[0;39m: HHH000026: Second-level cache disabled
&amp#27;[30m2024-08-02 09:30:53,168&amp#27;[0;39m &amp#27;[34mINFO &amp#27;[0;39m [&amp#27;[34mmain&amp#27;[0;39m] &amp#27;[33mo.s.o.j.p.SpringPersistenceUnitInfo&amp#27;[0;39m: No LoadTimeWeaver setup: ignoring JPA class transformer
&amp#27;[30m2024-08-02 09:30:53,802&amp#27;[0;39m &amp#27;[34mINFO &amp#27;[0;39m [&amp#27;[34mmain&amp#27;[0;39m] &amp#27;[33mo.h.e.t.j.p.i.JtaPlatformInitiator&amp#27;[0;39m: HHH000489: No JTA platform available (set 'hibernate.transaction.jta.platform' to enable JTA platform integration)
&amp#27;[30m2024-08-02 09:30:53,804&amp#27;[0;39m &amp#27;[34mINFO &amp#27;[0;39m [&amp#27;[34mmain&amp#27;[0;39m] &amp#27;[33mo.s.o.j.AbstractEntityManagerFactoryBean&amp#27;[0;39m: Initialized JPA EntityManagerFactory for persistence unit 'default'
Contact Service Bean is initialized
&amp#27;[30m2024-08-02 09:30:54,155&amp#27;[0;39m &amp#27;[34mINFO &amp#27;[0;39m [&amp#27;[34mmain&amp#27;[0;39m] &amp#27;[33mo.s.d.j.r.q.QueryEnhancerFactory&amp#27;[0;39m: Hibernate is in classpath; If applicable, HQL parser will be used.
&amp#27;[30m2024-08-02 09:30:54,419&amp#27;[0;39m &amp#27;[31mWARN &amp#27;[0;39m [&amp#27;[34mmain&amp#27;[0;39m] &amp#27;[33mo.s.b.a.o.j.JpaBaseConfiguration$JpaWebConfiguration&amp#27;[0;39m: spring.jpa.open-in-view is enabled by default. Therefore, database queries may be performed during view rendering. Explicitly configure spring.jpa.open-in-view to disable this warning
&amp#27;[30m2024-08-02 09:30:54,990&amp#27;[0;39m &amp#27;[34mINFO &amp#27;[0;39m [&amp#27;[34mmain&amp#27;[0;39m] &amp#27;[33mo.s.b.a.e.w.EndpointLinksResolver&amp#27;[0;39m: Exposing 13 endpoint(s) beneath base path '/favschool/actuator'
&amp#27;[30m2024-08-02 09:30:55,055&amp#27;[0;39m &amp#27;[34mINFO &amp#27;[0;39m [&amp#27;[34mmain&amp#27;[0;39m] &amp#27;[33mo.s.s.w.DefaultSecurityFilterChain&amp#27;[0;39m: Will secure any request with [org.springframework.security.web.session.DisableEncodeUrlFilter@4eccb9f0, org.springframework.security.web.context.request.async.WebAsyncManagerIntegrationFilter@46a2eca6, org.springframework.security.web.context.SecurityContextHolderFilter@554b571b, org.springframework.security.web.header.HeaderWriterFilter@4d6c42e, org.springframework.web.filter.CorsFilter@69ef3847, org.springframework.security.web.csrf.CsrfFilter@d866565, org.springframework.security.web.authentication.logout.LogoutFilter@2142754a, org.springframework.security.web.authentication.UsernamePasswordAuthenticationFilter@c93275f, org.springframework.security.web.authentication.www.BasicAuthenticationFilter@107302a5, org.springframework.security.web.savedrequest.RequestCacheAwareFilter@2c7178ed, org.springframework.security.web.servletapi.SecurityContextHolderAwareRequestFilter@221b4175, org.springframework.security.web.authentication.AnonymousAuthenticationFilter@3033bb96, org.springframework.security.web.access.ExceptionTranslationFilter@2b7e2212, org.springframework.security.web.access.intercept.AuthorizationFilter@5d9cd8b7]
]]></system-out>
  </testcase>
</testsuite>